<?xml version="1.0" encoding="UTF-8"?>
<!-- Generated by org.testng.reporters.JUnitReportReporter -->
<testsuite hostname="DESKTOP-M3CLOO2" failures="0" tests="1" name="practicePOMTestcases.DealsPageTest" time="11.577" errors="0" timestamp="2023-06-14T11:58:42 EDT" skipped="0">
  <testcase classname="practicePOMTestcases.DealsPageTest" name="verifyAmazonDevicesLink" time="11.577"/>
  <system-out/>
</testsuite> <!-- practicePOMTestcases.DealsPageTest -->
