<?xml version="1.0" encoding="UTF-8"?>
<!-- Generated by org.testng.reporters.JUnitReportReporter -->
<testsuite hostname="DESKTOP-M3CLOO2" failures="0" tests="3" name="practicePOMTestcases.LoginPageTest" time="19.649" errors="0" timestamp="2023-06-14T11:58:42 EDT" skipped="0">
  <testcase classname="practicePOMTestcases.LoginPageTest" name="loginPageTitleTest" time="5.297"/>
  <system-out/>
  <testcase classname="practicePOMTestcases.LoginPageTest" name="LogoImageTest" time="5.812"/>
  <system-out/>
  <testcase classname="practicePOMTestcases.LoginPageTest" name="loginTest" time="8.540"/>
  <system-out/>
</testsuite> <!-- practicePOMTestcases.LoginPageTest -->
