<?xml version="1.0" encoding="UTF-8"?>
<!-- Generated by org.testng.reporters.JUnitReportReporter -->
<testsuite hostname="DESKTOP-M3CLOO2" failures="0" tests="3" name="practicePOMTestcases.SignUpTest" time="29.095" errors="0" timestamp="2023-06-14T11:58:42 EDT" skipped="0">
  <testcase classname="practicePOMTestcases.SignUpTest" name="signUpwithoutPassword" time="7.132"/>
  <system-out/>
  <testcase classname="practicePOMTestcases.SignUpTest" name="signUpwithmismatchPassword" time="10.728"/>
  <system-out/>
  <testcase classname="practicePOMTestcases.SignUpTest" name="signUpwithExistingUser" time="11.235"/>
  <system-out/>
</testsuite> <!-- practicePOMTestcases.SignUpTest -->
