<?xml version="1.0" encoding="UTF-8"?>
<!-- Generated by org.testng.reporters.JUnitReportReporter -->
<testsuite hostname="DESKTOP-M3CLOO2" failures="0" tests="1" name="practicePOMTestcases.AppTest" time="0.004" errors="0" timestamp="2023-06-14T11:58:42 EDT" skipped="0">
  <testcase classname="practicePOMTestcases.AppTest" name="shouldAnswerWithTrue" time="0.004"/>
  <system-out/>
</testsuite> <!-- practicePOMTestcases.AppTest -->
