<?xml version="1.0" encoding="UTF-8"?>
<!-- Generated by org.testng.reporters.JUnitReportReporter -->
<testsuite hostname="DESKTOP-M3CLOO2" failures="0" tests="3" name="practicePOMTestcases.LoginPageTest" time="15.558" errors="0" timestamp="2023-06-18T12:28:10 EDT" skipped="0">
  <testcase classname="practicePOMTestcases.LoginPageTest" name="loginPageTitleTest" time="4.205"/>
  <system-out/>
  <testcase classname="practicePOMTestcases.LoginPageTest" name="LogoImageTest" time="4.685"/>
  <system-out/>
  <testcase classname="practicePOMTestcases.LoginPageTest" name="loginTest" time="6.668"/>
  <system-out/>
</testsuite> <!-- practicePOMTestcases.LoginPageTest -->
