<?xml version="1.0" encoding="UTF-8"?>
<!-- Generated by org.testng.reporters.JUnitReportReporter -->
<testsuite hostname="DESKTOP-M3CLOO2" failures="0" tests="4" name="practicePOMTestcases.HomePageTest" time="55.230" errors="0" timestamp="2023-06-18T12:28:10 EDT" skipped="0">
  <testcase classname="practicePOMTestcases.HomePageTest" name="verifyHomePageTitleTest" time="7.843"/>
  <system-out/>
  <testcase classname="practicePOMTestcases.HomePageTest" name="verifyUserNameTest" time="6.471"/>
  <system-out/>
  <testcase classname="practicePOMTestcases.HomePageTest" name="verifyCustomerServiceLinkTest" time="23.653"/>
  <system-out/>
  <testcase classname="practicePOMTestcases.HomePageTest" name="verifyDealsLinkTest" time="17.263"/>
  <system-out/>
</testsuite> <!-- practicePOMTestcases.HomePageTest -->
