<?xml version="1.0" encoding="UTF-8"?>
<!-- Generated by org.testng.reporters.JUnitReportReporter -->
<testsuite hostname="DESKTOP-M3CLOO2" failures="0" tests="1" name="practicePOMTestcases.DealsPageTest" time="12.868" errors="0" timestamp="2023-06-18T12:28:10 EDT" skipped="0">
  <testcase classname="practicePOMTestcases.DealsPageTest" name="verifyAmazonDevicesLink" time="12.868"/>
  <system-out/>
</testsuite> <!-- practicePOMTestcases.DealsPageTest -->
